<!DOCTYPE html PUBLIC "-//W3C//DTD XHTML 1.1//EN" "https://www.w3.org/TR/xhtml11/DTD/xhtml11.dtd">
<html xmlns="https://www.w3.org/1999/xhtml">
<head>
<meta http-equiv="content-type" content="text/html; charset=UTF-8"/>
<title>TestNG Report</title>
<style type="text/css">table {margin-bottom:10px;border-collapse:collapse;empty-cells:show}th,td {border:1px solid #009;padding:.25em .5em}th {vertical-align:bottom}td {vertical-align:top}table a {font-weight:bold}.stripe td {background-color: #E6EBF9}.num {text-align:right}.passedodd td {background-color: #3F3}.passedeven td {background-color: #0A0}.skippedodd td {background-color: #DDD}.skippedeven td {background-color: #CCC}.failedodd td,.attn {background-color: #F33}.failedeven td,.stripe .attn {background-color: #D00}.stacktrace {white-space:pre;font-family:monospace}.totop {font-size:85%;text-align:center;border-bottom:2px solid #000}.invisible {display:none}</style>
</head>
<body>
<table>
<tr><th>Test</th><th># Passed</th><th># Skipped</th><th># Retried</th><th># Failed</th><th>Time (ms)</th><th>Included Groups</th><th>Excluded Groups</th></tr>
<tr><th colspan="8">Suite</th></tr>
<tr><td><a href="#t0">Test</a></td><td class="num">6</td><td class="num">0</td><td class="num">0</td><td class="num attn">4</td><td class="num">1,743,374</td><td></td><td></td></tr>
</table>
<table id='summary'><thead><tr><th>Class</th><th>Method</th><th>Start</th><th>Time (ms)</th></tr></thead><tbody><tr><th colspan="4">Suite</th></tr></tbody><tbody id="t0"><tr><th colspan="4">Test &#8212; failed (configuration methods)</th></tr><tr class="failedeven"><td rowspan="1">testScripts.AddProductToCart</td><td><a href="#m0">closeApp</a></td><td rowspan="1">1738558107910</td><td rowspan="1">-1738558107910</td></tr><tr class="failedodd"><td rowspan="1">testScripts.Addcart</td><td><a href="#m1">closeApp</a></td><td rowspan="1">1738557619500</td><td rowspan="1">-1738557619500</td></tr><tr class="failedeven"><td rowspan="1">testScripts.AddingAddress</td><td><a href="#m2">closeApp</a></td><td rowspan="1">1738557763970</td><td rowspan="1">-1738557763970</td></tr><tr class="failedodd"><td rowspan="1">testScripts.DeletingAddress</td><td><a href="#m3">closeApp</a></td><td rowspan="1">1738558932018</td><td rowspan="1">-1738558932018</td></tr><tr class="failedeven"><td rowspan="1">testScripts.EnterText</td><td><a href="#m4">closeApp</a></td><td rowspan="1">1738558287683</td><td rowspan="1">-1738558287683</td></tr><tr class="failedodd"><td rowspan="1">testScripts.EnteringPincode</td><td><a href="#m5">closeApp</a></td><td rowspan="1">1738558660357</td><td rowspan="1">-1738558660357</td></tr><tr class="failedeven"><td rowspan="1">testScripts.HomeByMonteCarlo</td><td><a href="#m6">closeApp</a></td><td rowspan="1">1738557445107</td><td rowspan="1">-1738557445107</td></tr><tr class="failedodd"><td rowspan="1">testScripts.IncreaseQuantity</td><td><a href="#m7">closeApp</a></td><td rowspan="1">1738558469096</td><td rowspan="1">-1738558469096</td></tr><tr class="failedeven"><td rowspan="1">testScripts.VerifyProductAdded</td><td><a href="#m8">closeApp</a></td><td rowspan="1">1738557926829</td><td rowspan="1">-1738557926829</td></tr><tr class="failedodd"><td rowspan="1">testScripts.WishlistProduct</td><td><a href="#m9">closeApp</a></td><td rowspan="1">1738558771905</td><td rowspan="1">-1738558771905</td></tr><tr><th colspan="4">Test &#8212; failed</th></tr><tr class="failedeven"><td rowspan="1">testScripts.Addcart</td><td><a href="#m10">Testcase8</a></td><td rowspan="1">1738557486082</td><td rowspan="1">133051</td></tr><tr class="failedodd"><td rowspan="1">testScripts.EnteringPincode</td><td><a href="#m11">Testcase2</a></td><td rowspan="1">1738558511160</td><td rowspan="1">148857</td></tr><tr class="failedeven"><td rowspan="1">testScripts.VerifyProductAdded</td><td><a href="#m12">Testcase3</a></td><td rowspan="1">1738557804121</td><td rowspan="1">122551</td></tr><tr class="failedodd"><td rowspan="1">testScripts.WishlistProduct</td><td><a href="#m13">Testcase7</a></td><td rowspan="1">1738558701874</td><td rowspan="1">69785</td></tr><tr><th colspan="4">Test &#8212; passed</th></tr><tr class="passedeven"><td rowspan="1">testScripts.AddProductToCart</td><td><a href="#m14">Testcase1</a></td><td rowspan="1">1738557967287</td><td rowspan="1">140622</td></tr><tr class="passedodd"><td rowspan="1">testScripts.AddingAddress</td><td><a href="#m15">Testcase5</a></td><td rowspan="1">1738557630174</td><td rowspan="1">133793</td></tr><tr class="passedeven"><td rowspan="1">testScripts.DeletingAddress</td><td><a href="#m16">Testcase6</a></td><td rowspan="1">1738558815360</td><td rowspan="1">116657</td></tr><tr class="passedodd"><td rowspan="1">testScripts.EnterText</td><td><a href="#m17">Testcase8</a></td><td rowspan="1">1738558149007</td><td rowspan="1">138674</td></tr><tr class="passedeven"><td rowspan="1">testScripts.HomeByMonteCarlo</td><td><a href="#m18">Testcase4</a></td><td rowspan="1">1738557229571</td><td rowspan="1">215533</td></tr><tr class="passedodd"><td rowspan="1">testScripts.IncreaseQuantity</td><td><a href="#m19">Testcase3</a></td><td rowspan="1">1738558329641</td><td rowspan="1">139453</td></tr></tbody>
</table>
<h2>Test</h2><h3 id="m0">testScripts.AddProductToCart#closeApp</h3><table class="result"><tr><th>Exception</th></tr><tr><td><div class="stacktrace">org.testng.TestNGException: 
Can inject only one of &lt;ITestContext, XmlTest, Method, Object[], ITestResult&gt; into a @AfterMethod annotated closeApp.
For more information on native dependency injection please refer to https://testng.org/doc/documentation-main.html#native-dependency-injection
	at java.base/java.util.ArrayList.forEach(ArrayList.java:1596)
... Removed 29 stack frames</div></td></tr></table><p class="totop"><a href="#summary">back to summary</a></p>
<h3 id="m1">testScripts.Addcart#closeApp</h3><table class="result"><tr><th>Exception</th></tr><tr><td><div class="stacktrace">org.testng.TestNGException: 
Can inject only one of &lt;ITestContext, XmlTest, Method, Object[], ITestResult&gt; into a @AfterMethod annotated closeApp.
For more information on native dependency injection please refer to https://testng.org/doc/documentation-main.html#native-dependency-injection
	at java.base/java.util.ArrayList.forEach(ArrayList.java:1596)
... Removed 29 stack frames</div></td></tr></table><p class="totop"><a href="#summary">back to summary</a></p>
<h3 id="m2">testScripts.AddingAddress#closeApp</h3><table class="result"><tr><th>Exception</th></tr><tr><td><div class="stacktrace">org.testng.TestNGException: 
Can inject only one of &lt;ITestContext, XmlTest, Method, Object[], ITestResult&gt; into a @AfterMethod annotated closeApp.
For more information on native dependency injection please refer to https://testng.org/doc/documentation-main.html#native-dependency-injection
	at java.base/java.util.ArrayList.forEach(ArrayList.java:1596)
... Removed 29 stack frames</div></td></tr></table><p class="totop"><a href="#summary">back to summary</a></p>
<h3 id="m3">testScripts.DeletingAddress#closeApp</h3><table class="result"><tr><th>Exception</th></tr><tr><td><div class="stacktrace">org.testng.TestNGException: 
Can inject only one of &lt;ITestContext, XmlTest, Method, Object[], ITestResult&gt; into a @AfterMethod annotated closeApp.
For more information on native dependency injection please refer to https://testng.org/doc/documentation-main.html#native-dependency-injection
	at java.base/java.util.ArrayList.forEach(ArrayList.java:1596)
... Removed 29 stack frames</div></td></tr></table><p class="totop"><a href="#summary">back to summary</a></p>
<h3 id="m4">testScripts.EnterText#closeApp</h3><table class="result"><tr><th>Exception</th></tr><tr><td><div class="stacktrace">org.testng.TestNGException: 
Can inject only one of &lt;ITestContext, XmlTest, Method, Object[], ITestResult&gt; into a @AfterMethod annotated closeApp.
For more information on native dependency injection please refer to https://testng.org/doc/documentation-main.html#native-dependency-injection
	at java.base/java.util.ArrayList.forEach(ArrayList.java:1596)
... Removed 29 stack frames</div></td></tr></table><p class="totop"><a href="#summary">back to summary</a></p>
<h3 id="m5">testScripts.EnteringPincode#closeApp</h3><table class="result"><tr><th>Exception</th></tr><tr><td><div class="stacktrace">org.testng.TestNGException: 
Can inject only one of &lt;ITestContext, XmlTest, Method, Object[], ITestResult&gt; into a @AfterMethod annotated closeApp.
For more information on native dependency injection please refer to https://testng.org/doc/documentation-main.html#native-dependency-injection
	at java.base/java.util.ArrayList.forEach(ArrayList.java:1596)
... Removed 29 stack frames</div></td></tr></table><p class="totop"><a href="#summary">back to summary</a></p>
<h3 id="m6">testScripts.HomeByMonteCarlo#closeApp</h3><table class="result"><tr><th>Exception</th></tr><tr><td><div class="stacktrace">org.testng.TestNGException: 
Can inject only one of &lt;ITestContext, XmlTest, Method, Object[], ITestResult&gt; into a @AfterMethod annotated closeApp.
For more information on native dependency injection please refer to https://testng.org/doc/documentation-main.html#native-dependency-injection
	at java.base/java.util.ArrayList.forEach(ArrayList.java:1596)
... Removed 29 stack frames</div></td></tr></table><p class="totop"><a href="#summary">back to summary</a></p>
<h3 id="m7">testScripts.IncreaseQuantity#closeApp</h3><table class="result"><tr><th>Exception</th></tr><tr><td><div class="stacktrace">org.testng.TestNGException: 
Can inject only one of &lt;ITestContext, XmlTest, Method, Object[], ITestResult&gt; into a @AfterMethod annotated closeApp.
For more information on native dependency injection please refer to https://testng.org/doc/documentation-main.html#native-dependency-injection
	at java.base/java.util.ArrayList.forEach(ArrayList.java:1596)
... Removed 29 stack frames</div></td></tr></table><p class="totop"><a href="#summary">back to summary</a></p>
<h3 id="m8">testScripts.VerifyProductAdded#closeApp</h3><table class="result"><tr><th>Exception</th></tr><tr><td><div class="stacktrace">org.testng.TestNGException: 
Can inject only one of &lt;ITestContext, XmlTest, Method, Object[], ITestResult&gt; into a @AfterMethod annotated closeApp.
For more information on native dependency injection please refer to https://testng.org/doc/documentation-main.html#native-dependency-injection
	at java.base/java.util.ArrayList.forEach(ArrayList.java:1596)
... Removed 29 stack frames</div></td></tr></table><p class="totop"><a href="#summary">back to summary</a></p>
<h3 id="m9">testScripts.WishlistProduct#closeApp</h3><table class="result"><tr><th>Exception</th></tr><tr><td><div class="stacktrace">org.testng.TestNGException: 
Can inject only one of &lt;ITestContext, XmlTest, Method, Object[], ITestResult&gt; into a @AfterMethod annotated closeApp.
For more information on native dependency injection please refer to https://testng.org/doc/documentation-main.html#native-dependency-injection
	at java.base/java.util.ArrayList.forEach(ArrayList.java:1596)
... Removed 29 stack frames</div></td></tr></table><p class="totop"><a href="#summary">back to summary</a></p>
<h3 id="m10">testScripts.Addcart#Testcase8</h3><table class="result"><tr><th>Exception</th></tr><tr><td><div class="stacktrace">org.openqa.selenium.StaleElementReferenceException: stale element reference: stale element not found in the current frame
  (Session info: MicrosoftEdge=132.0.2957.127)
For documentation on this error, please visit: https://www.selenium.dev/documentation/webdriver/troubleshooting/errors#stale-element-reference-exception
Build info: version: &apos;4.27.0&apos;, revision: &apos;d6e718d134&apos;
System info: os.name: &apos;Windows 11&apos;, os.arch: &apos;amd64&apos;, os.version: &apos;10.0&apos;, java.version: &apos;21.0.3&apos;
Driver info: org.openqa.selenium.edge.EdgeDriver
Command: [e5c996e82253cff0149e412f83124dc9, clickElement {id=f.004499CBA2073535B13021576DCA9B3A.d.FFBE105985B9FCEDD3CA8088CFF86964.e.433}]
Capabilities {acceptInsecureCerts: false, browserName: MicrosoftEdge, browserVersion: 132.0.2957.127, fedcm:accounts: true, ms:edgeOptions: {debuggerAddress: localhost:59004}, msedge: {msedgedriverVersion: 132.0.2957.140 (a81e27b375d..., userDataDir: C:\Users\rk114098\AppData\L...}, networkConnectionEnabled: false, pageLoadStrategy: normal, platformName: windows, proxy: Proxy(), se:cdp: ws://localhost:59004/devtoo..., se:cdpVersion: 132.0.2957.127, setWindowRect: true, strictFileInteractability: false, timeouts: {implicit: 0, pageLoad: 300000, script: 30000}, unhandledPromptBehavior: dismiss and notify, webauthn:extension:credBlob: true, webauthn:extension:largeBlob: true, webauthn:extension:minPinLength: true, webauthn:extension:prf: true, webauthn:virtualAuthenticators: true}
Element: [[EdgeDriver: MicrosoftEdge on windows (e5c996e82253cff0149e412f83124dc9)] -&gt; xpath: (//button[@type=&quot;button&quot;])[1]]
Session ID: e5c996e82253cff0149e412f83124dc9
	at org.openqa.selenium.remote.ErrorCodec.decode(ErrorCodec.java:167)
	at org.openqa.selenium.remote.codec.w3c.W3CHttpResponseCodec.decode(W3CHttpResponseCodec.java:138)
	at org.openqa.selenium.remote.codec.w3c.W3CHttpResponseCodec.decode(W3CHttpResponseCodec.java:50)
	at org.openqa.selenium.remote.HttpCommandExecutor.execute(HttpCommandExecutor.java:190)
	at org.openqa.selenium.remote.service.DriverCommandExecutor.invokeExecute(DriverCommandExecutor.java:216)
	at org.openqa.selenium.remote.service.DriverCommandExecutor.execute(DriverCommandExecutor.java:174)
	at org.openqa.selenium.remote.RemoteWebDriver.execute(RemoteWebDriver.java:545)
	at org.openqa.selenium.remote.RemoteWebElement.execute(RemoteWebElement.java:223)
	at org.openqa.selenium.remote.RemoteWebElement.click(RemoteWebElement.java:76)
	at org.openqa.selenium.support.pagefactory.internal.LocatingElementHandler.invoke(LocatingElementHandler.java:51)
	at jdk.proxy2/jdk.proxy2.$Proxy14.click(Unknown Source)
	at pom.AscendingProduct_Page.clickclose(AscendingProduct_Page.java:23)
	at testScripts.Addcart.Testcase8(Addcart.java:41)
	at java.base/java.util.ArrayList.forEach(ArrayList.java:1596)
... Removed 30 stack frames</div></td></tr></table><p class="totop"><a href="#summary">back to summary</a></p>
<h3 id="m11">testScripts.EnteringPincode#Testcase2</h3><table class="result"><tr><th>Exception</th></tr><tr><td><div class="stacktrace">org.openqa.selenium.StaleElementReferenceException: stale element reference: stale element not found in the current frame
  (Session info: MicrosoftEdge=132.0.2957.127)
For documentation on this error, please visit: https://www.selenium.dev/documentation/webdriver/troubleshooting/errors#stale-element-reference-exception
Build info: version: &apos;4.27.0&apos;, revision: &apos;d6e718d134&apos;
System info: os.name: &apos;Windows 11&apos;, os.arch: &apos;amd64&apos;, os.version: &apos;10.0&apos;, java.version: &apos;21.0.3&apos;
Driver info: org.openqa.selenium.edge.EdgeDriver
Command: [1608f94d390f2f8b361feaedae47c68c, clickElement {id=f.31DAFFF231A17C9FD95CC6BEA6E81FB8.d.8A44A0E936E2CF6E304C8C3A19C3E2CD.e.369}]
Capabilities {acceptInsecureCerts: false, browserName: MicrosoftEdge, browserVersion: 132.0.2957.127, fedcm:accounts: true, ms:edgeOptions: {debuggerAddress: localhost:62853}, msedge: {msedgedriverVersion: 132.0.2957.140 (a81e27b375d..., userDataDir: C:\Users\rk114098\AppData\L...}, networkConnectionEnabled: false, pageLoadStrategy: normal, platformName: windows, proxy: Proxy(), se:cdp: ws://localhost:62853/devtoo..., se:cdpVersion: 132.0.2957.127, setWindowRect: true, strictFileInteractability: false, timeouts: {implicit: 0, pageLoad: 300000, script: 30000}, unhandledPromptBehavior: dismiss and notify, webauthn:extension:credBlob: true, webauthn:extension:largeBlob: true, webauthn:extension:minPinLength: true, webauthn:extension:prf: true, webauthn:virtualAuthenticators: true}
Element: [[EdgeDriver: MicrosoftEdge on windows (1608f94d390f2f8b361feaedae47c68c)] -&gt; xpath: //label[contains(text(),&apos;Rock.it &apos;)]]
Session ID: 1608f94d390f2f8b361feaedae47c68c
	at org.openqa.selenium.remote.ErrorCodec.decode(ErrorCodec.java:167)
	at org.openqa.selenium.remote.codec.w3c.W3CHttpResponseCodec.decode(W3CHttpResponseCodec.java:138)
	at org.openqa.selenium.remote.codec.w3c.W3CHttpResponseCodec.decode(W3CHttpResponseCodec.java:50)
	at org.openqa.selenium.remote.HttpCommandExecutor.execute(HttpCommandExecutor.java:190)
	at org.openqa.selenium.remote.service.DriverCommandExecutor.invokeExecute(DriverCommandExecutor.java:216)
	at org.openqa.selenium.remote.service.DriverCommandExecutor.execute(DriverCommandExecutor.java:174)
	at org.openqa.selenium.remote.RemoteWebDriver.execute(RemoteWebDriver.java:545)
	at org.openqa.selenium.remote.RemoteWebElement.execute(RemoteWebElement.java:223)
	at org.openqa.selenium.remote.RemoteWebElement.click(RemoteWebElement.java:76)
	at org.openqa.selenium.support.pagefactory.internal.LocatingElementHandler.invoke(LocatingElementHandler.java:51)
	at jdk.proxy2/jdk.proxy2.$Proxy14.click(Unknown Source)
	at pom.RoundNeck_Page.clickrockit(RoundNeck_Page.java:45)
	at testScripts.EnteringPincode.Testcase2(EnteringPincode.java:41)
	at java.base/java.util.ArrayList.forEach(ArrayList.java:1596)
... Removed 30 stack frames</div></td></tr></table><p class="totop"><a href="#summary">back to summary</a></p>
<h3 id="m12">testScripts.VerifyProductAdded#Testcase3</h3><table class="result"><tr><th>Exception</th></tr><tr><td><div class="stacktrace">org.openqa.selenium.ElementNotInteractableException: element not interactable
  (Session info: MicrosoftEdge=132.0.2957.127)
Build info: version: &apos;4.27.0&apos;, revision: &apos;d6e718d134&apos;
System info: os.name: &apos;Windows 11&apos;, os.arch: &apos;amd64&apos;, os.version: &apos;10.0&apos;, java.version: &apos;21.0.3&apos;
Driver info: org.openqa.selenium.edge.EdgeDriver
Command: [ffaedb2bd767ab0b637cb39786582c27, clickElement {id=f.4AC15E424AEF5C7B97B56E2BAFEF853A.d.DC9410EE94429120F661EB1857A5C257.e.354}]
Capabilities {acceptInsecureCerts: false, browserName: MicrosoftEdge, browserVersion: 132.0.2957.127, fedcm:accounts: true, ms:edgeOptions: {debuggerAddress: localhost:60050}, msedge: {msedgedriverVersion: 132.0.2957.140 (a81e27b375d..., userDataDir: C:\Users\rk114098\AppData\L...}, networkConnectionEnabled: false, pageLoadStrategy: normal, platformName: windows, proxy: Proxy(), se:cdp: ws://localhost:60050/devtoo..., se:cdpVersion: 132.0.2957.127, setWindowRect: true, strictFileInteractability: false, timeouts: {implicit: 0, pageLoad: 300000, script: 30000}, unhandledPromptBehavior: dismiss and notify, webauthn:extension:credBlob: true, webauthn:extension:largeBlob: true, webauthn:extension:minPinLength: true, webauthn:extension:prf: true, webauthn:virtualAuthenticators: true}
Element: [[EdgeDriver: MicrosoftEdge on windows (ffaedb2bd767ab0b637cb39786582c27)] -&gt; xpath: //button[contains(text(),&apos;X&apos;)] ]
Session ID: ffaedb2bd767ab0b637cb39786582c27
	at org.openqa.selenium.remote.ErrorCodec.decode(ErrorCodec.java:167)
	at org.openqa.selenium.remote.codec.w3c.W3CHttpResponseCodec.decode(W3CHttpResponseCodec.java:138)
	at org.openqa.selenium.remote.codec.w3c.W3CHttpResponseCodec.decode(W3CHttpResponseCodec.java:50)
	at org.openqa.selenium.remote.HttpCommandExecutor.execute(HttpCommandExecutor.java:190)
	at org.openqa.selenium.remote.service.DriverCommandExecutor.invokeExecute(DriverCommandExecutor.java:216)
	at org.openqa.selenium.remote.service.DriverCommandExecutor.execute(DriverCommandExecutor.java:174)
	at org.openqa.selenium.remote.RemoteWebDriver.execute(RemoteWebDriver.java:545)
	at org.openqa.selenium.remote.RemoteWebElement.execute(RemoteWebElement.java:223)
	at org.openqa.selenium.remote.RemoteWebElement.click(RemoteWebElement.java:76)
	at org.openqa.selenium.support.pagefactory.internal.LocatingElementHandler.invoke(LocatingElementHandler.java:51)
	at jdk.proxy2/jdk.proxy2.$Proxy14.click(Unknown Source)
	at pom.HandtowelWishlist_page.clickclose(HandtowelWishlist_page.java:17)
	at testScripts.VerifyProductAdded.Testcase3(VerifyProductAdded.java:38)
	at java.base/java.util.ArrayList.forEach(ArrayList.java:1596)
... Removed 30 stack frames</div></td></tr></table><p class="totop"><a href="#summary">back to summary</a></p>
<h3 id="m13">testScripts.WishlistProduct#Testcase7</h3><table class="result"><tr><th>Exception</th></tr><tr><td><div class="stacktrace">java.lang.Error: Unresolved compilation problem: 
	Syntax error on token &quot;Invalid Character&quot;, delete this token

	at pom.StoleProduct_Page.&lt;init&gt;(StoleProduct_Page.java:27)
	at testScripts.WishlistProduct.Testcase7(WishlistProduct.java:35)
	at java.base/java.util.ArrayList.forEach(ArrayList.java:1596)
... Removed 25 stack frames</div></td></tr></table><p class="totop"><a href="#summary">back to summary</a></p>
<h3 id="m14">testScripts.AddProductToCart#Testcase1</h3><table class="result"><tr><th class="invisible"/></tr></table><p class="totop"><a href="#summary">back to summary</a></p>
<h3 id="m15">testScripts.AddingAddress#Testcase5</h3><table class="result"><tr><th class="invisible"/></tr></table><p class="totop"><a href="#summary">back to summary</a></p>
<h3 id="m16">testScripts.DeletingAddress#Testcase6</h3><table class="result"><tr><th class="invisible"/></tr></table><p class="totop"><a href="#summary">back to summary</a></p>
<h3 id="m17">testScripts.EnterText#Testcase8</h3><table class="result"><tr><th class="invisible"/></tr></table><p class="totop"><a href="#summary">back to summary</a></p>
<h3 id="m18">testScripts.HomeByMonteCarlo#Testcase4</h3><table class="result"><tr><th class="invisible"/></tr></table><p class="totop"><a href="#summary">back to summary</a></p>
<h3 id="m19">testScripts.IncreaseQuantity#Testcase3</h3><table class="result"><tr><th class="invisible"/></tr></table><p class="totop"><a href="#summary">back to summary</a></p>
</body>
</html>
